[2022-06-19 07:08:44] [ INFO ] [ConfiguracionJDBC:52] Se cargo correctamente el driver jdbc
[2022-06-19 07:08:45] [ INFO ] [ConfiguracionJDBC:38] Se ha establecido correctamente la conexion a la base de datos
[2022-06-19 07:08:45] [ INFO ] [PacienteDAOH2:198] Consulta de todos los registros fue exitosa
[2022-06-19 08:55:10] [ INFO ] [ConfiguracionJDBC:52] Se cargo correctamente el driver jdbc
[2022-06-19 08:55:10] [ INFO ] [ConfiguracionJDBC:38] Se ha establecido correctamente la conexion a la base de datos
[2022-06-19 08:55:10] [ INFO ] [DomicilioDAOH2:190] Consulta de todos los registros fue exitosa
[2022-06-19 09:26:18] [ INFO ] [ConfiguracionJDBC:52] Se cargo correctamente el driver jdbc
[2022-06-19 09:26:18] [ INFO ] [ConfiguracionJDBC:38] Se ha establecido correctamente la conexion a la base de datos
[2022-06-19 09:26:18] [ INFO ] [PacienteDAOH2:44] Informacion Guardada correctamente Paciente
[2022-06-19 21:20:05] [ INFO ] [ConfiguracionJDBC:52] Se cargo correctamente el driver jdbc
[2022-06-19 21:20:06] [ INFO ] [ConfiguracionJDBC:38] Se ha establecido correctamente la conexion a la base de datos
[2022-06-19 21:20:06] [ INFO ] [OdontologoDAOH2:183] Consulta de todos los registros fue exitosa
[2022-06-19 21:21:28] [ INFO ] [ConfiguracionJDBC:52] Se cargo correctamente el driver jdbc
[2022-06-19 21:21:28] [ INFO ] [ConfiguracionJDBC:38] Se ha establecido correctamente la conexion a la base de datos
[2022-06-19 21:21:28] [ INFO ] [PacienteDAOH2:198] Consulta de todos los registros fue exitosa
[2022-06-19 21:23:17] [ INFO ] [ConfiguracionJDBC:52] Se cargo correctamente el driver jdbc
[2022-06-19 21:23:17] [ INFO ] [ConfiguracionJDBC:38] Se ha establecido correctamente la conexion a la base de datos
[2022-06-19 21:23:17] [ INFO ] [PacienteDAOH2:149] Consulta por ID No 4 fue exitosa
[2022-06-19 21:23:37] [ INFO ] [ConfiguracionJDBC:52] Se cargo correctamente el driver jdbc
[2022-06-19 21:23:37] [ INFO ] [ConfiguracionJDBC:38] Se ha establecido correctamente la conexion a la base de datos
[2022-06-19 21:23:37] [ INFO ] [OdontologoDAOH2:139] Consulta por ID No 29 fue exitosa
[2022-06-19 21:24:14] [ INFO ] [ConfiguracionJDBC:52] Se cargo correctamente el driver jdbc
[2022-06-19 21:24:14] [ INFO ] [ConfiguracionJDBC:38] Se ha establecido correctamente la conexion a la base de datos
[2022-06-19 21:24:14] [ ERROR] [TurnoDAOH2:44] No se pudo guardar la informacion
[2022-06-19 21:29:21] [ INFO ] [ConfiguracionJDBC:52] Se cargo correctamente el driver jdbc
[2022-06-19 21:29:22] [ INFO ] [ConfiguracionJDBC:38] Se ha establecido correctamente la conexion a la base de datos
[2022-06-19 21:29:22] [ INFO ] [PacienteDAOH2:149] Consulta por ID No 4 fue exitosa
[2022-06-19 21:29:22] [ INFO ] [ConfiguracionJDBC:52] Se cargo correctamente el driver jdbc
[2022-06-19 21:29:22] [ INFO ] [ConfiguracionJDBC:38] Se ha establecido correctamente la conexion a la base de datos
[2022-06-19 21:29:22] [ INFO ] [OdontologoDAOH2:139] Consulta por ID No 29 fue exitosa
[2022-06-19 21:29:22] [ INFO ] [ConfiguracionJDBC:52] Se cargo correctamente el driver jdbc
[2022-06-19 21:29:22] [ INFO ] [ConfiguracionJDBC:38] Se ha establecido correctamente la conexion a la base de datos
[2022-06-19 21:29:23] [ ERROR] [TurnoDAOH2:44] No se pudo guardar la informacion
[2022-06-19 21:33:15] [ INFO ] [ConfiguracionJDBC:52] Se cargo correctamente el driver jdbc
[2022-06-19 21:33:15] [ INFO ] [ConfiguracionJDBC:38] Se ha establecido correctamente la conexion a la base de datos
[2022-06-19 21:33:15] [ INFO ] [PacienteDAOH2:149] Consulta por ID No 4 fue exitosa
[2022-06-19 21:33:15] [ INFO ] [ConfiguracionJDBC:52] Se cargo correctamente el driver jdbc
[2022-06-19 21:33:15] [ INFO ] [ConfiguracionJDBC:38] Se ha establecido correctamente la conexion a la base de datos
[2022-06-19 21:33:15] [ INFO ] [OdontologoDAOH2:139] Consulta por ID No 29 fue exitosa
[2022-06-19 21:33:15] [ INFO ] [ConfiguracionJDBC:52] Se cargo correctamente el driver jdbc
[2022-06-19 21:33:15] [ INFO ] [ConfiguracionJDBC:38] Se ha establecido correctamente la conexion a la base de datos
[2022-06-19 21:33:15] [ ERROR] [TurnoDAOH2:44] No se pudo guardar la informacion
[2022-06-19 21:38:03] [ INFO ] [ConfiguracionJDBC:52] Se cargo correctamente el driver jdbc
[2022-06-19 21:38:04] [ INFO ] [ConfiguracionJDBC:38] Se ha establecido correctamente la conexion a la base de datos
[2022-06-19 21:38:04] [ INFO ] [PacienteDAOH2:149] Consulta por ID No 4 fue exitosa
[2022-06-19 21:38:04] [ INFO ] [ConfiguracionJDBC:52] Se cargo correctamente el driver jdbc
[2022-06-19 21:38:04] [ INFO ] [ConfiguracionJDBC:38] Se ha establecido correctamente la conexion a la base de datos
[2022-06-19 21:38:04] [ INFO ] [OdontologoDAOH2:139] Consulta por ID No 29 fue exitosa
[2022-06-19 21:38:04] [ INFO ] [ConfiguracionJDBC:52] Se cargo correctamente el driver jdbc
[2022-06-19 21:38:04] [ INFO ] [ConfiguracionJDBC:38] Se ha establecido correctamente la conexion a la base de datos
[2022-06-19 21:38:04] [ ERROR] [TurnoDAOH2:42] No se pudo guardar la informacion
[2022-06-19 21:38:39] [ INFO ] [ConfiguracionJDBC:52] Se cargo correctamente el driver jdbc
[2022-06-19 21:38:40] [ INFO ] [ConfiguracionJDBC:38] Se ha establecido correctamente la conexion a la base de datos
[2022-06-19 21:38:40] [ INFO ] [PacienteDAOH2:149] Consulta por ID No 4 fue exitosa
[2022-06-19 21:38:40] [ INFO ] [ConfiguracionJDBC:52] Se cargo correctamente el driver jdbc
[2022-06-19 21:38:40] [ INFO ] [ConfiguracionJDBC:38] Se ha establecido correctamente la conexion a la base de datos
[2022-06-19 21:38:40] [ INFO ] [OdontologoDAOH2:139] Consulta por ID No 29 fue exitosa
[2022-06-19 21:38:40] [ INFO ] [ConfiguracionJDBC:52] Se cargo correctamente el driver jdbc
[2022-06-19 21:38:40] [ INFO ] [ConfiguracionJDBC:38] Se ha establecido correctamente la conexion a la base de datos
[2022-06-19 21:38:40] [ INFO ] [TurnoDAOH2:39] Informacion Guardada correctamente Turno
[2022-06-19 21:41:34] [ INFO ] [ConfiguracionJDBC:52] Se cargo correctamente el driver jdbc
[2022-06-19 21:41:34] [ INFO ] [ConfiguracionJDBC:38] Se ha establecido correctamente la conexion a la base de datos
[2022-06-19 21:41:34] [ INFO ] [PacienteDAOH2:149] Consulta por ID No 4 fue exitosa
[2022-06-19 21:41:34] [ INFO ] [ConfiguracionJDBC:52] Se cargo correctamente el driver jdbc
[2022-06-19 21:41:34] [ INFO ] [ConfiguracionJDBC:38] Se ha establecido correctamente la conexion a la base de datos
[2022-06-19 21:41:34] [ INFO ] [OdontologoDAOH2:139] Consulta por ID No 50 fue exitosa
[2022-06-19 21:42:43] [ INFO ] [ConfiguracionJDBC:52] Se cargo correctamente el driver jdbc
[2022-06-19 21:42:43] [ INFO ] [ConfiguracionJDBC:38] Se ha establecido correctamente la conexion a la base de datos
[2022-06-19 21:42:43] [ INFO ] [PacienteDAOH2:149] Consulta por ID No 4 fue exitosa
[2022-06-19 21:42:43] [ INFO ] [ConfiguracionJDBC:52] Se cargo correctamente el driver jdbc
[2022-06-19 21:42:43] [ INFO ] [ConfiguracionJDBC:38] Se ha establecido correctamente la conexion a la base de datos
[2022-06-19 21:42:43] [ INFO ] [OdontologoDAOH2:139] Consulta por ID No 29 fue exitosa
[2022-06-19 21:42:43] [ INFO ] [ConfiguracionJDBC:52] Se cargo correctamente el driver jdbc
[2022-06-19 21:42:43] [ INFO ] [ConfiguracionJDBC:38] Se ha establecido correctamente la conexion a la base de datos
[2022-06-19 21:42:43] [ INFO ] [TurnoDAOH2:39] Informacion Guardada correctamente Turno
[2022-06-19 21:46:17] [ INFO ] [ConfiguracionJDBC:52] Se cargo correctamente el driver jdbc
[2022-06-19 21:46:17] [ INFO ] [ConfiguracionJDBC:38] Se ha establecido correctamente la conexion a la base de datos
[2022-06-19 21:46:17] [ INFO ] [PacienteDAOH2:149] Consulta por ID No 4 fue exitosa
[2022-06-19 21:46:18] [ INFO ] [ConfiguracionJDBC:52] Se cargo correctamente el driver jdbc
[2022-06-19 21:46:18] [ INFO ] [ConfiguracionJDBC:38] Se ha establecido correctamente la conexion a la base de datos
[2022-06-19 21:46:18] [ INFO ] [OdontologoDAOH2:139] Consulta por ID No 29 fue exitosa
[2022-06-19 21:46:18] [ INFO ] [ConfiguracionJDBC:52] Se cargo correctamente el driver jdbc
[2022-06-19 21:46:18] [ INFO ] [ConfiguracionJDBC:38] Se ha establecido correctamente la conexion a la base de datos
[2022-06-19 21:46:18] [ INFO ] [TurnoDAOH2:39] Informacion Guardada correctamente Turno
[2022-06-19 21:50:39] [ INFO ] [ConfiguracionJDBC:52] Se cargo correctamente el driver jdbc
[2022-06-19 21:50:40] [ INFO ] [ConfiguracionJDBC:38] Se ha establecido correctamente la conexion a la base de datos
[2022-06-19 21:50:40] [ INFO ] [PacienteDAOH2:149] Consulta por ID No 4 fue exitosa
[2022-06-19 21:50:40] [ INFO ] [ConfiguracionJDBC:52] Se cargo correctamente el driver jdbc
[2022-06-19 21:50:40] [ INFO ] [ConfiguracionJDBC:38] Se ha establecido correctamente la conexion a la base de datos
[2022-06-19 21:50:40] [ INFO ] [OdontologoDAOH2:139] Consulta por ID No 29 fue exitosa
[2022-06-19 21:50:40] [ INFO ] [ConfiguracionJDBC:52] Se cargo correctamente el driver jdbc
[2022-06-19 21:50:40] [ INFO ] [ConfiguracionJDBC:38] Se ha establecido correctamente la conexion a la base de datos
[2022-06-19 21:50:40] [ INFO ] [TurnoDAOH2:39] Informacion Guardada correctamente Turno
[2022-06-19 22:07:23] [ INFO ] [ConfiguracionJDBC:52] Se cargo correctamente el driver jdbc
[2022-06-19 22:07:23] [ INFO ] [ConfiguracionJDBC:38] Se ha establecido correctamente la conexion a la base de datos
[2022-06-19 22:07:23] [ INFO ] [PacienteDAOH2:149] Consulta por ID No 4 fue exitosa
[2022-06-19 22:07:24] [ INFO ] [ConfiguracionJDBC:52] Se cargo correctamente el driver jdbc
[2022-06-19 22:07:24] [ INFO ] [ConfiguracionJDBC:38] Se ha establecido correctamente la conexion a la base de datos
[2022-06-19 22:07:24] [ INFO ] [OdontologoDAOH2:139] Consulta por ID No 29 fue exitosa
[2022-06-19 22:07:24] [ INFO ] [ConfiguracionJDBC:52] Se cargo correctamente el driver jdbc
[2022-06-19 22:07:24] [ INFO ] [ConfiguracionJDBC:38] Se ha establecido correctamente la conexion a la base de datos
[2022-06-19 22:07:24] [ INFO ] [TurnoDAOH2:39] Informacion Guardada correctamente Turno
[2022-06-19 22:39:21] [ INFO ] [ConfiguracionJDBC:52] Se cargo correctamente el driver jdbc
[2022-06-19 22:39:21] [ INFO ] [ConfiguracionJDBC:38] Se ha establecido correctamente la conexion a la base de datos
[2022-06-19 22:39:21] [ INFO ] [TurnoDAOH2:139] Consulta por ID No 2 fue exitosa
[2022-06-19 22:39:21] [ INFO ] [ConfiguracionJDBC:52] Se cargo correctamente el driver jdbc
[2022-06-19 22:39:21] [ INFO ] [ConfiguracionJDBC:38] Se ha establecido correctamente la conexion a la base de datos
[2022-06-19 22:39:21] [ INFO ] [TurnoDAOH2:64] Eliminacion registro No 2 fue exitosa
[2022-06-19 22:56:47] [ INFO ] [ConfiguracionJDBC:52] Se cargo correctamente el driver jdbc
[2022-06-19 22:56:47] [ INFO ] [ConfiguracionJDBC:38] Se ha establecido correctamente la conexion a la base de datos
[2022-06-19 22:56:47] [ INFO ] [TurnoDAOH2:136] Consulta por ID No 4 fue exitosa
[2022-06-19 22:57:03] [ INFO ] [ConfiguracionJDBC:52] Se cargo correctamente el driver jdbc
[2022-06-19 22:57:03] [ INFO ] [ConfiguracionJDBC:38] Se ha establecido correctamente la conexion a la base de datos
[2022-06-19 22:57:03] [ INFO ] [TurnoDAOH2:179] Consulta de todos los registros fue exitosa
[2022-06-19 23:22:18] [ INFO ] [ConfiguracionJDBC:52] Se cargo correctamente el driver jdbc
[2022-06-19 23:22:18] [ INFO ] [ConfiguracionJDBC:38] Se ha establecido correctamente la conexion a la base de datos
[2022-06-19 23:22:18] [ INFO ] [PacienteDAOH2:149] Consulta por ID No 4 fue exitosa
[2022-06-19 23:22:18] [ INFO ] [ConfiguracionJDBC:52] Se cargo correctamente el driver jdbc
[2022-06-19 23:22:18] [ INFO ] [ConfiguracionJDBC:38] Se ha establecido correctamente la conexion a la base de datos
[2022-06-19 23:22:18] [ INFO ] [OdontologoDAOH2:139] Consulta por ID No 29 fue exitosa
[2022-06-19 23:22:18] [ INFO ] [ConfiguracionJDBC:52] Se cargo correctamente el driver jdbc
[2022-06-19 23:22:19] [ INFO ] [ConfiguracionJDBC:38] Se ha establecido correctamente la conexion a la base de datos
[2022-06-19 23:22:19] [ ERROR] [TurnoDAOH2:43] No se pudo guardar la informacion
[2022-06-19 23:23:04] [ INFO ] [ConfiguracionJDBC:52] Se cargo correctamente el driver jdbc
[2022-06-19 23:23:04] [ INFO ] [ConfiguracionJDBC:38] Se ha establecido correctamente la conexion a la base de datos
[2022-06-19 23:23:04] [ INFO ] [OdontologoDAOH2:183] Consulta de todos los registros fue exitosa
[2022-06-19 23:23:15] [ INFO ] [ConfiguracionJDBC:52] Se cargo correctamente el driver jdbc
[2022-06-19 23:23:15] [ INFO ] [ConfiguracionJDBC:38] Se ha establecido correctamente la conexion a la base de datos
[2022-06-19 23:23:15] [ INFO ] [OdontologoDAOH2:183] Consulta de todos los registros fue exitosa
[2022-06-19 23:23:30] [ INFO ] [ConfiguracionJDBC:52] Se cargo correctamente el driver jdbc
[2022-06-19 23:23:30] [ INFO ] [ConfiguracionJDBC:38] Se ha establecido correctamente la conexion a la base de datos
[2022-06-19 23:23:30] [ INFO ] [PacienteDAOH2:198] Consulta de todos los registros fue exitosa
[2022-06-19 23:23:47] [ INFO ] [ConfiguracionJDBC:52] Se cargo correctamente el driver jdbc
[2022-06-19 23:23:47] [ INFO ] [ConfiguracionJDBC:38] Se ha establecido correctamente la conexion a la base de datos
[2022-06-19 23:23:47] [ INFO ] [PacienteDAOH2:149] Consulta por ID No 4 fue exitosa
[2022-06-19 23:23:47] [ INFO ] [ConfiguracionJDBC:52] Se cargo correctamente el driver jdbc
[2022-06-19 23:23:47] [ INFO ] [ConfiguracionJDBC:38] Se ha establecido correctamente la conexion a la base de datos
[2022-06-19 23:23:47] [ INFO ] [OdontologoDAOH2:139] Consulta por ID No 29 fue exitosa
[2022-06-19 23:23:47] [ INFO ] [ConfiguracionJDBC:52] Se cargo correctamente el driver jdbc
[2022-06-19 23:23:47] [ INFO ] [ConfiguracionJDBC:38] Se ha establecido correctamente la conexion a la base de datos
[2022-06-19 23:23:47] [ ERROR] [TurnoDAOH2:43] No se pudo guardar la informacion
[2022-06-19 23:24:20] [ INFO ] [ConfiguracionJDBC:52] Se cargo correctamente el driver jdbc
[2022-06-19 23:24:20] [ INFO ] [ConfiguracionJDBC:38] Se ha establecido correctamente la conexion a la base de datos
[2022-06-19 23:24:20] [ INFO ] [PacienteDAOH2:149] Consulta por ID No 4 fue exitosa
[2022-06-19 23:24:20] [ INFO ] [ConfiguracionJDBC:52] Se cargo correctamente el driver jdbc
[2022-06-19 23:24:20] [ INFO ] [ConfiguracionJDBC:38] Se ha establecido correctamente la conexion a la base de datos
[2022-06-19 23:24:20] [ INFO ] [OdontologoDAOH2:139] Consulta por ID No 29 fue exitosa
[2022-06-19 23:24:20] [ INFO ] [ConfiguracionJDBC:52] Se cargo correctamente el driver jdbc
[2022-06-19 23:24:20] [ INFO ] [ConfiguracionJDBC:38] Se ha establecido correctamente la conexion a la base de datos
[2022-06-19 23:24:20] [ ERROR] [TurnoDAOH2:43] No se pudo guardar la informacion
[2022-06-19 23:38:44] [ INFO ] [ConfiguracionJDBC:52] Se cargo correctamente el driver jdbc
[2022-06-19 23:38:44] [ INFO ] [ConfiguracionJDBC:38] Se ha establecido correctamente la conexion a la base de datos
[2022-06-19 23:38:44] [ INFO ] [PacienteDAOH2:149] Consulta por ID No 4 fue exitosa
[2022-06-19 23:38:44] [ INFO ] [ConfiguracionJDBC:52] Se cargo correctamente el driver jdbc
[2022-06-19 23:38:44] [ INFO ] [ConfiguracionJDBC:38] Se ha establecido correctamente la conexion a la base de datos
[2022-06-19 23:38:44] [ INFO ] [OdontologoDAOH2:139] Consulta por ID No 29 fue exitosa
[2022-06-19 23:38:44] [ INFO ] [ConfiguracionJDBC:52] Se cargo correctamente el driver jdbc
[2022-06-19 23:38:44] [ INFO ] [ConfiguracionJDBC:38] Se ha establecido correctamente la conexion a la base de datos
[2022-06-19 23:38:44] [ ERROR] [TurnoDAOH2:43] No se pudo guardar la informacion
[2022-06-19 23:39:19] [ INFO ] [ConfiguracionJDBC:52] Se cargo correctamente el driver jdbc
[2022-06-19 23:39:19] [ INFO ] [ConfiguracionJDBC:38] Se ha establecido correctamente la conexion a la base de datos
[2022-06-19 23:39:19] [ INFO ] [PacienteDAOH2:149] Consulta por ID No 4 fue exitosa
[2022-06-19 23:39:19] [ INFO ] [ConfiguracionJDBC:52] Se cargo correctamente el driver jdbc
[2022-06-19 23:39:19] [ INFO ] [ConfiguracionJDBC:38] Se ha establecido correctamente la conexion a la base de datos
[2022-06-19 23:39:19] [ INFO ] [OdontologoDAOH2:139] Consulta por ID No 29 fue exitosa
[2022-06-19 23:39:19] [ INFO ] [ConfiguracionJDBC:52] Se cargo correctamente el driver jdbc
[2022-06-19 23:39:19] [ INFO ] [ConfiguracionJDBC:38] Se ha establecido correctamente la conexion a la base de datos
[2022-06-19 23:39:19] [ ERROR] [TurnoDAOH2:43] No se pudo guardar la informacion
[2022-06-20 00:12:55] [ INFO ] [ConfiguracionJDBC:52] Se cargo correctamente el driver jdbc
[2022-06-20 00:12:55] [ INFO ] [ConfiguracionJDBC:38] Se ha establecido correctamente la conexion a la base de datos
[2022-06-20 00:12:55] [ INFO ] [PacienteDAOH2:149] Consulta por ID No 4 fue exitosa
[2022-06-20 00:12:56] [ INFO ] [ConfiguracionJDBC:52] Se cargo correctamente el driver jdbc
[2022-06-20 00:12:56] [ INFO ] [ConfiguracionJDBC:38] Se ha establecido correctamente la conexion a la base de datos
[2022-06-20 00:12:56] [ INFO ] [OdontologoDAOH2:139] Consulta por ID No 29 fue exitosa
[2022-06-20 00:12:56] [ INFO ] [ConfiguracionJDBC:52] Se cargo correctamente el driver jdbc
[2022-06-20 00:12:56] [ INFO ] [ConfiguracionJDBC:38] Se ha establecido correctamente la conexion a la base de datos
[2022-06-20 00:12:56] [ INFO ] [TurnoDAOH2:40] Informacion Guardada correctamente Turno
[2022-06-20 00:13:12] [ INFO ] [ConfiguracionJDBC:52] Se cargo correctamente el driver jdbc
[2022-06-20 00:13:12] [ INFO ] [ConfiguracionJDBC:38] Se ha establecido correctamente la conexion a la base de datos
[2022-06-20 00:13:12] [ INFO ] [PacienteDAOH2:149] Consulta por ID No 4 fue exitosa
[2022-06-20 00:13:12] [ INFO ] [ConfiguracionJDBC:52] Se cargo correctamente el driver jdbc
[2022-06-20 00:13:12] [ INFO ] [ConfiguracionJDBC:38] Se ha establecido correctamente la conexion a la base de datos
[2022-06-20 00:13:12] [ INFO ] [OdontologoDAOH2:139] Consulta por ID No 29 fue exitosa
[2022-06-20 00:13:12] [ INFO ] [ConfiguracionJDBC:52] Se cargo correctamente el driver jdbc
[2022-06-20 00:13:12] [ INFO ] [ConfiguracionJDBC:38] Se ha establecido correctamente la conexion a la base de datos
[2022-06-20 00:13:12] [ INFO ] [TurnoDAOH2:40] Informacion Guardada correctamente Turno
[2022-06-20 00:14:06] [ INFO ] [ConfiguracionJDBC:52] Se cargo correctamente el driver jdbc
[2022-06-20 00:14:06] [ INFO ] [ConfiguracionJDBC:38] Se ha establecido correctamente la conexion a la base de datos
[2022-06-20 00:14:06] [ INFO ] [PacienteDAOH2:149] Consulta por ID No 4 fue exitosa
[2022-06-20 00:14:06] [ INFO ] [ConfiguracionJDBC:52] Se cargo correctamente el driver jdbc
[2022-06-20 00:14:06] [ INFO ] [ConfiguracionJDBC:38] Se ha establecido correctamente la conexion a la base de datos
[2022-06-20 00:14:06] [ INFO ] [OdontologoDAOH2:139] Consulta por ID No 50 fue exitosa
[2022-06-20 00:14:19] [ INFO ] [ConfiguracionJDBC:52] Se cargo correctamente el driver jdbc
[2022-06-20 00:14:19] [ INFO ] [ConfiguracionJDBC:38] Se ha establecido correctamente la conexion a la base de datos
[2022-06-20 00:14:19] [ INFO ] [OdontologoDAOH2:183] Consulta de todos los registros fue exitosa
[2022-06-20 00:15:11] [ INFO ] [ConfiguracionJDBC:52] Se cargo correctamente el driver jdbc
[2022-06-20 00:15:11] [ INFO ] [ConfiguracionJDBC:38] Se ha establecido correctamente la conexion a la base de datos
[2022-06-20 00:15:11] [ INFO ] [OdontologoDAOH2:183] Consulta de todos los registros fue exitosa
[2022-06-20 00:15:23] [ INFO ] [ConfiguracionJDBC:52] Se cargo correctamente el driver jdbc
[2022-06-20 00:15:23] [ INFO ] [ConfiguracionJDBC:38] Se ha establecido correctamente la conexion a la base de datos
[2022-06-20 00:15:23] [ INFO ] [PacienteDAOH2:198] Consulta de todos los registros fue exitosa
[2022-06-20 00:15:34] [ INFO ] [ConfiguracionJDBC:52] Se cargo correctamente el driver jdbc
[2022-06-20 00:15:34] [ INFO ] [ConfiguracionJDBC:38] Se ha establecido correctamente la conexion a la base de datos
[2022-06-20 00:15:34] [ INFO ] [PacienteDAOH2:149] Consulta por ID No 4 fue exitosa
[2022-06-20 00:15:34] [ INFO ] [ConfiguracionJDBC:52] Se cargo correctamente el driver jdbc
[2022-06-20 00:15:34] [ INFO ] [ConfiguracionJDBC:38] Se ha establecido correctamente la conexion a la base de datos
[2022-06-20 00:15:34] [ INFO ] [OdontologoDAOH2:139] Consulta por ID No 50 fue exitosa
[2022-06-20 00:15:57] [ INFO ] [ConfiguracionJDBC:52] Se cargo correctamente el driver jdbc
[2022-06-20 00:15:57] [ INFO ] [ConfiguracionJDBC:38] Se ha establecido correctamente la conexion a la base de datos
[2022-06-20 00:15:57] [ INFO ] [PacienteDAOH2:149] Consulta por ID No 4 fue exitosa
[2022-06-20 00:15:57] [ INFO ] [ConfiguracionJDBC:52] Se cargo correctamente el driver jdbc
[2022-06-20 00:15:57] [ INFO ] [ConfiguracionJDBC:38] Se ha establecido correctamente la conexion a la base de datos
[2022-06-20 00:15:57] [ INFO ] [OdontologoDAOH2:139] Consulta por ID No 29 fue exitosa
[2022-06-20 00:15:58] [ INFO ] [ConfiguracionJDBC:52] Se cargo correctamente el driver jdbc
[2022-06-20 00:15:58] [ INFO ] [ConfiguracionJDBC:38] Se ha establecido correctamente la conexion a la base de datos
[2022-06-20 00:15:58] [ INFO ] [TurnoDAOH2:40] Informacion Guardada correctamente Turno
[2022-06-20 00:16:26] [ INFO ] [ConfiguracionJDBC:52] Se cargo correctamente el driver jdbc
[2022-06-20 00:16:26] [ INFO ] [ConfiguracionJDBC:38] Se ha establecido correctamente la conexion a la base de datos
[2022-06-20 00:16:26] [ INFO ] [PacienteDAOH2:149] Consulta por ID No 50 fue exitosa
[2022-06-20 00:16:26] [ INFO ] [ConfiguracionJDBC:52] Se cargo correctamente el driver jdbc
[2022-06-20 00:16:26] [ INFO ] [ConfiguracionJDBC:38] Se ha establecido correctamente la conexion a la base de datos
[2022-06-20 00:16:26] [ INFO ] [OdontologoDAOH2:139] Consulta por ID No 29 fue exitosa
[2022-06-20 00:16:37] [ INFO ] [ConfiguracionJDBC:52] Se cargo correctamente el driver jdbc
[2022-06-20 00:16:37] [ INFO ] [ConfiguracionJDBC:38] Se ha establecido correctamente la conexion a la base de datos
[2022-06-20 00:16:37] [ INFO ] [PacienteDAOH2:149] Consulta por ID No 4 fue exitosa
[2022-06-20 00:16:37] [ INFO ] [ConfiguracionJDBC:52] Se cargo correctamente el driver jdbc
[2022-06-20 00:16:37] [ INFO ] [ConfiguracionJDBC:38] Se ha establecido correctamente la conexion a la base de datos
[2022-06-20 00:16:37] [ INFO ] [OdontologoDAOH2:139] Consulta por ID No 29 fue exitosa
[2022-06-20 00:16:37] [ INFO ] [ConfiguracionJDBC:52] Se cargo correctamente el driver jdbc
[2022-06-20 00:16:37] [ INFO ] [ConfiguracionJDBC:38] Se ha establecido correctamente la conexion a la base de datos
[2022-06-20 00:16:37] [ INFO ] [TurnoDAOH2:40] Informacion Guardada correctamente Turno
[2022-06-20 00:19:51] [ INFO ] [ConfiguracionJDBC:52] Se cargo correctamente el driver jdbc
[2022-06-20 00:19:51] [ ERROR] [ConfiguracionJDBC:42] La conexion a la base de datos presenta problemas
[2022-06-20 00:20:07] [ INFO ] [ConfiguracionJDBC:52] Se cargo correctamente el driver jdbc
[2022-06-20 00:20:07] [ INFO ] [ConfiguracionJDBC:38] Se ha establecido correctamente la conexion a la base de datos
[2022-06-20 00:20:07] [ INFO ] [TurnoDAOH2:179] Consulta de todos los registros fue exitosa
[2022-06-20 00:36:59] [ INFO ] [ConfiguracionJDBC:52] Se cargo correctamente el driver jdbc
[2022-06-20 00:36:59] [ INFO ] [ConfiguracionJDBC:38] Se ha establecido correctamente la conexion a la base de datos
[2022-06-20 00:39:00] [ INFO ] [ConfiguracionJDBC:52] Se cargo correctamente el driver jdbc
[2022-06-20 00:39:01] [ INFO ] [ConfiguracionJDBC:38] Se ha establecido correctamente la conexion a la base de datos
[2022-06-20 00:39:18] [ INFO ] [ConfiguracionJDBC:52] Se cargo correctamente el driver jdbc
[2022-06-20 00:39:18] [ INFO ] [ConfiguracionJDBC:38] Se ha establecido correctamente la conexion a la base de datos
[2022-06-20 00:39:18] [ INFO ] [TurnoDAOH2:180] Consulta de todos los registros fue exitosa
